Max token sequence length: 15
Vocab size: 17
Character to ID Mapping: {'<pad>': 0, '<eos>': 1, '9': 2, '0': 3, '4': 4, '*': 5, '3': 6, '2': 7, '=': 8, '1': 9, '6': 10, '5': 11, '/': 12, '7': 13, '8': 14, '-': 15, '+': 16}
Using device: cuda
Epoch 1 Average Training Loss: 1.6368
Validation Epoch 1 | Exact Match Accuracy: 0.2120
Checkpoint for epoch 1 saved to checkpoints/train_3digits_all_op/model_epoch_1.pth
Epoch 2 Average Training Loss: 1.4070
Validation Epoch 2 | Exact Match Accuracy: 0.2050
Checkpoint for epoch 2 saved to checkpoints/train_3digits_all_op/model_epoch_2.pth
Epoch 3 Average Training Loss: 1.3323
Validation Epoch 3 | Exact Match Accuracy: 0.1860
Checkpoint for epoch 3 saved to checkpoints/train_3digits_all_op/model_epoch_3.pth
Epoch 4 Average Training Loss: 1.3128
Validation Epoch 4 | Exact Match Accuracy: 0.2140
Checkpoint for epoch 4 saved to checkpoints/train_3digits_all_op/model_epoch_4.pth
Epoch 5 Average Training Loss: 1.3005
Validation Epoch 5 | Exact Match Accuracy: 0.2100
Checkpoint for epoch 5 saved to checkpoints/train_3digits_all_op/model_epoch_5.pth
Epoch 6 Average Training Loss: 1.2887
Validation Epoch 6 | Exact Match Accuracy: 0.1950
Checkpoint for epoch 6 saved to checkpoints/train_3digits_all_op/model_epoch_6.pth
Epoch 7 Average Training Loss: 1.2759
Validation Epoch 7 | Exact Match Accuracy: 0.2180
Checkpoint for epoch 7 saved to checkpoints/train_3digits_all_op/model_epoch_7.pth
Epoch 8 Average Training Loss: 1.2687
Validation Epoch 8 | Exact Match Accuracy: 0.1960
Checkpoint for epoch 8 saved to checkpoints/train_3digits_all_op/model_epoch_8.pth
Epoch 9 Average Training Loss: 1.2592
Validation Epoch 9 | Exact Match Accuracy: 0.2420
Checkpoint for epoch 9 saved to checkpoints/train_3digits_all_op/model_epoch_9.pth
Epoch 10 Average Training Loss: 1.2539
Validation Epoch 10 | Exact Match Accuracy: 0.1920
Checkpoint for epoch 10 saved to checkpoints/train_3digits_all_op/model_epoch_10.pth
Epoch 11 Average Training Loss: 1.2491
Validation Epoch 11 | Exact Match Accuracy: 0.2460
Checkpoint for epoch 11 saved to checkpoints/train_3digits_all_op/model_epoch_11.pth
Epoch 12 Average Training Loss: 1.2447
Validation Epoch 12 | Exact Match Accuracy: 0.1800
Checkpoint for epoch 12 saved to checkpoints/train_3digits_all_op/model_epoch_12.pth
Epoch 13 Average Training Loss: 1.2405
Validation Epoch 13 | Exact Match Accuracy: 0.2090
Checkpoint for epoch 13 saved to checkpoints/train_3digits_all_op/model_epoch_13.pth
Epoch 14 Average Training Loss: 1.2383
Validation Epoch 14 | Exact Match Accuracy: 0.2100
Checkpoint for epoch 14 saved to checkpoints/train_3digits_all_op/model_epoch_14.pth
Epoch 15 Average Training Loss: 1.2342
Validation Epoch 15 | Exact Match Accuracy: 0.2130
Checkpoint for epoch 15 saved to checkpoints/train_3digits_all_op/model_epoch_15.pth
Epoch 16 Average Training Loss: 1.2338
Validation Epoch 16 | Exact Match Accuracy: 0.1830
Checkpoint for epoch 16 saved to checkpoints/train_3digits_all_op/model_epoch_16.pth
Epoch 17 Average Training Loss: 1.2314
Validation Epoch 17 | Exact Match Accuracy: 0.2060
Checkpoint for epoch 17 saved to checkpoints/train_3digits_all_op/model_epoch_17.pth
Epoch 18 Average Training Loss: 1.2274
Validation Epoch 18 | Exact Match Accuracy: 0.2120
Checkpoint for epoch 18 saved to checkpoints/train_3digits_all_op/model_epoch_18.pth
Epoch 19 Average Training Loss: 1.2273
Validation Epoch 19 | Exact Match Accuracy: 0.2110
Checkpoint for epoch 19 saved to checkpoints/train_3digits_all_op/model_epoch_19.pth
Epoch 20 Average Training Loss: 1.2260
Validation Epoch 20 | Exact Match Accuracy: 0.1950
Checkpoint for epoch 20 saved to checkpoints/train_3digits_all_op/model_epoch_20.pth
Epoch 21 Average Training Loss: 1.2237
Validation Epoch 21 | Exact Match Accuracy: 0.1910
Checkpoint for epoch 21 saved to checkpoints/train_3digits_all_op/model_epoch_21.pth
Epoch 22 Average Training Loss: 1.2234
Validation Epoch 22 | Exact Match Accuracy: 0.2160
Checkpoint for epoch 22 saved to checkpoints/train_3digits_all_op/model_epoch_22.pth
Epoch 23 Average Training Loss: 1.2223
Validation Epoch 23 | Exact Match Accuracy: 0.1930
Checkpoint for epoch 23 saved to checkpoints/train_3digits_all_op/model_epoch_23.pth
Epoch 24 Average Training Loss: 1.2216
Validation Epoch 24 | Exact Match Accuracy: 0.2130
Checkpoint for epoch 24 saved to checkpoints/train_3digits_all_op/model_epoch_24.pth
Epoch 25 Average Training Loss: 1.2205
Validation Epoch 25 | Exact Match Accuracy: 0.1850
Checkpoint for epoch 25 saved to checkpoints/train_3digits_all_op/model_epoch_25.pth
Epoch 26 Average Training Loss: 1.2187
Validation Epoch 26 | Exact Match Accuracy: 0.2020
Checkpoint for epoch 26 saved to checkpoints/train_3digits_all_op/model_epoch_26.pth
Epoch 27 Average Training Loss: 1.2186
Validation Epoch 27 | Exact Match Accuracy: 0.2100
Checkpoint for epoch 27 saved to checkpoints/train_3digits_all_op/model_epoch_27.pth
Epoch 28 Average Training Loss: 1.2190
Validation Epoch 28 | Exact Match Accuracy: 0.1990
Checkpoint for epoch 28 saved to checkpoints/train_3digits_all_op/model_epoch_28.pth
Epoch 29 Average Training Loss: 1.2159
Validation Epoch 29 | Exact Match Accuracy: 0.1960
Checkpoint for epoch 29 saved to checkpoints/train_3digits_all_op/model_epoch_29.pth
Epoch 30 Average Training Loss: 1.2162
Validation Epoch 30 | Exact Match Accuracy: 0.1880
Checkpoint for epoch 30 saved to checkpoints/train_3digits_all_op/model_epoch_30.pth
