Max token sequence length: 17
Vocab size: 18
Character to ID Mapping: {'<pad>': 0, '<eos>': 1, '1': 2, '4': 3, '*': 4, '(': 5, '3': 6, '+': 7, '2': 8, '0': 9, ')': 10, '=': 11, '8': 12, '6': 13, '5': 14, '9': 15, '7': 16, '-': 17}
Using device: cuda
Epoch 1 Average Training Loss: 1.3709
Validation Epoch 1 | Exact Match Accuracy: 0.2790
Checkpoint for epoch 1 saved to checkpoints/train_GRU/model_epoch_1.pth
Epoch 2 Average Training Loss: 1.2244
Validation Epoch 2 | Exact Match Accuracy: 0.4240
Checkpoint for epoch 2 saved to checkpoints/train_GRU/model_epoch_2.pth
Epoch 3 Average Training Loss: 1.1934
Validation Epoch 3 | Exact Match Accuracy: 0.4560
Checkpoint for epoch 3 saved to checkpoints/train_GRU/model_epoch_3.pth
Epoch 4 Average Training Loss: 1.1728
Validation Epoch 4 | Exact Match Accuracy: 0.4900
Checkpoint for epoch 4 saved to checkpoints/train_GRU/model_epoch_4.pth
Epoch 5 Average Training Loss: 1.1588
Validation Epoch 5 | Exact Match Accuracy: 0.4980
Checkpoint for epoch 5 saved to checkpoints/train_GRU/model_epoch_5.pth
Epoch 6 Average Training Loss: 1.1463
Validation Epoch 6 | Exact Match Accuracy: 0.5880
Checkpoint for epoch 6 saved to checkpoints/train_GRU/model_epoch_6.pth
Epoch 7 Average Training Loss: 1.1387
Validation Epoch 7 | Exact Match Accuracy: 0.6370
Checkpoint for epoch 7 saved to checkpoints/train_GRU/model_epoch_7.pth
Epoch 8 Average Training Loss: 1.1319
Validation Epoch 8 | Exact Match Accuracy: 0.5970
Checkpoint for epoch 8 saved to checkpoints/train_GRU/model_epoch_8.pth
Epoch 9 Average Training Loss: 1.1260
Validation Epoch 9 | Exact Match Accuracy: 0.6060
Checkpoint for epoch 9 saved to checkpoints/train_GRU/model_epoch_9.pth
Epoch 10 Average Training Loss: 1.1211
Validation Epoch 10 | Exact Match Accuracy: 0.6560
Checkpoint for epoch 10 saved to checkpoints/train_GRU/model_epoch_10.pth
Epoch 11 Average Training Loss: 1.1170
Validation Epoch 11 | Exact Match Accuracy: 0.5980
Checkpoint for epoch 11 saved to checkpoints/train_GRU/model_epoch_11.pth
Epoch 12 Average Training Loss: 1.1120
Validation Epoch 12 | Exact Match Accuracy: 0.6830
Checkpoint for epoch 12 saved to checkpoints/train_GRU/model_epoch_12.pth
Epoch 13 Average Training Loss: 1.1091
Validation Epoch 13 | Exact Match Accuracy: 0.6770
Checkpoint for epoch 13 saved to checkpoints/train_GRU/model_epoch_13.pth
Epoch 14 Average Training Loss: 1.1056
Validation Epoch 14 | Exact Match Accuracy: 0.7340
Checkpoint for epoch 14 saved to checkpoints/train_GRU/model_epoch_14.pth
Epoch 15 Average Training Loss: 1.1033
Validation Epoch 15 | Exact Match Accuracy: 0.7440
Checkpoint for epoch 15 saved to checkpoints/train_GRU/model_epoch_15.pth
Epoch 16 Average Training Loss: 1.1000
Validation Epoch 16 | Exact Match Accuracy: 0.7350
Checkpoint for epoch 16 saved to checkpoints/train_GRU/model_epoch_16.pth
Epoch 17 Average Training Loss: 1.0983
Validation Epoch 17 | Exact Match Accuracy: 0.6890
Checkpoint for epoch 17 saved to checkpoints/train_GRU/model_epoch_17.pth
Epoch 18 Average Training Loss: 1.0962
Validation Epoch 18 | Exact Match Accuracy: 0.6250
Checkpoint for epoch 18 saved to checkpoints/train_GRU/model_epoch_18.pth
Epoch 19 Average Training Loss: 1.0934
Validation Epoch 19 | Exact Match Accuracy: 0.7730
Checkpoint for epoch 19 saved to checkpoints/train_GRU/model_epoch_19.pth
Epoch 20 Average Training Loss: 1.0922
Validation Epoch 20 | Exact Match Accuracy: 0.7240
Checkpoint for epoch 20 saved to checkpoints/train_GRU/model_epoch_20.pth
Epoch 21 Average Training Loss: 1.0902
Validation Epoch 21 | Exact Match Accuracy: 0.7510
Checkpoint for epoch 21 saved to checkpoints/train_GRU/model_epoch_21.pth
Epoch 22 Average Training Loss: 1.0882
Validation Epoch 22 | Exact Match Accuracy: 0.8260
Checkpoint for epoch 22 saved to checkpoints/train_GRU/model_epoch_22.pth
Epoch 23 Average Training Loss: 1.0864
Validation Epoch 23 | Exact Match Accuracy: 0.7840
Checkpoint for epoch 23 saved to checkpoints/train_GRU/model_epoch_23.pth
Epoch 24 Average Training Loss: 1.0857
Validation Epoch 24 | Exact Match Accuracy: 0.7610
Checkpoint for epoch 24 saved to checkpoints/train_GRU/model_epoch_24.pth
Epoch 25 Average Training Loss: 1.0852
Validation Epoch 25 | Exact Match Accuracy: 0.7930
Checkpoint for epoch 25 saved to checkpoints/train_GRU/model_epoch_25.pth
Epoch 26 Average Training Loss: 1.0830
Validation Epoch 26 | Exact Match Accuracy: 0.7370
Checkpoint for epoch 26 saved to checkpoints/train_GRU/model_epoch_26.pth
Epoch 27 Average Training Loss: 1.0813
Validation Epoch 27 | Exact Match Accuracy: 0.8160
Checkpoint for epoch 27 saved to checkpoints/train_GRU/model_epoch_27.pth
Epoch 28 Average Training Loss: 1.0811
Validation Epoch 28 | Exact Match Accuracy: 0.8610
Checkpoint for epoch 28 saved to checkpoints/train_GRU/model_epoch_28.pth
Epoch 29 Average Training Loss: 1.0794
Validation Epoch 29 | Exact Match Accuracy: 0.8020
Checkpoint for epoch 29 saved to checkpoints/train_GRU/model_epoch_29.pth
Epoch 30 Average Training Loss: 1.0784
Validation Epoch 30 | Exact Match Accuracy: 0.8170
Checkpoint for epoch 30 saved to checkpoints/train_GRU/model_epoch_30.pth
